<?xml version="1.0" encoding="UTF-8"?>
<!-- Generated by org.testng.reporters.JUnitReportReporter -->
<testsuite skipped="0" hostname="DESKTOP-N3LRL61" name="Demo.DemoWebShop2" tests="2" failures="0" timestamp="2023-04-13T10:24:14 IST" time="26.904" errors="0">
  <testcase name="login" time="2.705" classname="Demo.DemoWebShop2"/>
  <system-out/>
  <testcase name="purchaseBook" time="24.199" classname="Demo.DemoWebShop2"/>
  <system-out/>
</testsuite> <!-- Demo.DemoWebShop2 -->
