<?xml version="1.0" encoding="UTF-8"?>
<!-- Generated by org.testng.reporters.JUnitReportReporter -->
<testsuite skipped="0" hostname="DESKTOP-N3LRL61" name="Demo.PhpTravels" tests="1" failures="0" timestamp="2023-04-12T11:28:29 IST" time="3.883" errors="0">
  <testcase name="login" time="3.883" classname="Demo.PhpTravels"/>
  <system-out/>
</testsuite> <!-- Demo.PhpTravels -->
