<?xml version="1.0" encoding="UTF-8"?>
<!-- Generated by org.testng.reporters.JUnitReportReporter -->
<testsuite skipped="0" hostname="DESKTOP-N3LRL61" name="Demo.DemoRegister" tests="1" failures="0" timestamp="2023-04-12T10:27:03 IST" time="3.556" errors="0">
  <testcase name="Login" time="3.556" classname="Demo.DemoRegister"/>
  <system-out/>
</testsuite> <!-- Demo.DemoRegister -->
