<?xml version="1.0" encoding="UTF-8"?>
<!-- Generated by org.testng.reporters.JUnitReportReporter -->
<testsuite skipped="0" hostname="DESKTOP-N3LRL61" name="Demo.MercuryLogin" tests="1" failures="0" timestamp="2023-04-12T10:26:07 IST" time="4.534" errors="0">
  <testcase name="login" time="4.534" classname="Demo.MercuryLogin"/>
  <system-out/>
</testsuite> <!-- Demo.MercuryLogin -->
