<?xml version="1.0" encoding="UTF-8"?>
<!-- Generated by org.testng.reporters.JUnitReportReporter -->
<testsuite skipped="0" hostname="DESKTOP-N3LRL61" name="Demo.Blaze" tests="1" failures="0" timestamp="2023-04-12T11:03:18 IST" time="12.167" errors="0">
  <testcase name="login" time="12.167" classname="Demo.Blaze"/>
  <system-out/>
</testsuite> <!-- Demo.Blaze -->
