<?xml version="1.0" encoding="UTF-8"?>
<!-- Generated by org.testng.reporters.JUnitReportReporter -->
<testsuite skipped="0" hostname="DESKTOP-N3LRL61" name="Demo.MerRegister" tests="1" failures="0" timestamp="2023-04-12T10:26:40 IST" time="5.711" errors="0">
  <testcase name="login" time="5.711" classname="Demo.MerRegister"/>
  <system-out/>
</testsuite> <!-- Demo.MerRegister -->
