<?xml version="1.0" encoding="UTF-8"?>
<!-- Generated by org.testng.reporters.JUnitReportReporter -->
<testsuite skipped="0" hostname="DESKTOP-N3LRL61" name="New.DemoSeleniun" tests="2" failures="0" timestamp="2023-04-13T14:38:07 IST" time="12.268" errors="0">
  <testcase name="login" time="4.272" classname="New.DemoSeleniun"/>
  <system-out/>
  <testcase name="login" time="7.996" classname="New.DemoSeleniun"/>
  <system-out/>
</testsuite> <!-- New.DemoSeleniun -->
